/-A-\
|   |  /----\
| /-+--+-\  |
| | |  | B  |
\-+-/  \-+--/
  \------/

Tick #1
/--A\
|   |  /----\
| /-+--+-\  |
| | |  | |  |
\-+-/  \-B--/
  \------/

Tick #2
/---A
|   |  /----\
| /-+--+-\  |
| | |  | |  |
\-+-/  \-+B-/
  \------/

Tick #3
/---\
|   A  /----\
| /-+--+-\  |
| | |  | |  |
\-+-/  \-+-B/
  \------/

Tick #4
/---\
|   |  /----\
| /-A--+-\  |
| | |  | |  |
\-+-/  \-+--B
  \------/

Tick #5
/---\
|   |  /----\
| /-+A-+-\  |
| | |  | |  B
\-+-/  \-+--/
  \------/

Tick #6
/---\
|   |  /----\
| /-+-A+-\  B
| | |  | |  |
\-+-/  \-+--/
  \------/

Tick #7
/---\
|   |  /----B
| /-+--A-\  |
| | |  | |  |
\-+-/  \-+--/
  \------/

Tick #8
/---\
|   |  /---B\
| /-+--+A\  |
| | |  | |  |
\-+-/  \-+--/
  \------/

Tick #9
/---\
|   |  /--B-\
| /-+--+-A  |
| | |  | |  |
\-+-/  \-+--/
  \------/

Tick #10
/---\
|   |  /-B--\
| /-+--+-\  |
| | |  | A  |
\-+-/  \-+--/
  \------/

Tick #11
/---\
|   |  /B---\
| /-+--+-\  |
| | |  | |  |
\-+-/  \-A--/
  \------/

Tick #12
/---\
|   |  B----\
| /-+--+-\  |
| | |  | |  |
\-+-/  \A+--/
  \------/

Tick #13
/---\
|   |  /----\
| /-+--B-\  |
| | |  | |  |
\-+-/  A-+--/
  \------/

Tick #14
/---\
|   |  /----\
| /-+--+-\  |
| | |  B |  |
\-+-/  \-+--/
  \------/
